<?xml version="1.0" encoding="UTF-8"?>
<!-- Generated by org.testng.reporters.JUnitReportReporter -->
<testsuite skipped="0" hostname="Aditis-MacBook-Air-2.local" name="com.mindire.TESTNG.AppTest" tests="1" failures="0" timestamp="09 Apr 2019 10:49:42 GMT" time="0.012" errors="0">
  <testcase name="testApp" time="0.012" classname="com.mindire.TESTNG.AppTest"/>
</testsuite> <!-- com.mindire.TESTNG.AppTest -->
